\BOOKMARK [1][-]{section.1}{Explicaci\363n principiantes}{}% 1
\BOOKMARK [2][-]{subsection.1.1}{Momento lineal}{section.1}% 2
\BOOKMARK [2][-]{subsection.1.2}{Impulso}{section.1}% 3
\BOOKMARK [2][-]{subsection.1.3}{Conservaci\363n del momento lineal}{section.1}% 4
\BOOKMARK [2][-]{subsection.1.4}{Choques}{section.1}% 5
\BOOKMARK [3][-]{subsubsection.1.4.1}{Choque el\341stico}{subsection.1.4}% 6
\BOOKMARK [3][-]{subsubsection.1.4.2}{Choques inel\341sticos}{subsection.1.4}% 7
\BOOKMARK [1][-]{section.2}{Explicaci\363n avanzada}{}% 8
\BOOKMARK [2][-]{subsection.2.1}{Momento lineal}{section.2}% 9
\BOOKMARK [2][-]{subsection.2.2}{Impulso}{section.2}% 10
\BOOKMARK [2][-]{subsection.2.3}{Conservaci\363n del momento lineal}{section.2}% 11
\BOOKMARK [2][-]{subsection.2.4}{Choques}{section.2}% 12
\BOOKMARK [3][-]{subsubsection.2.4.1}{Choque el\341stico}{subsection.2.4}% 13
\BOOKMARK [3][-]{subsubsection.2.4.2}{Choques inel\341sticos}{subsection.2.4}% 14
\BOOKMARK [1][-]{section.3}{Simulaci\363n}{}% 15
\BOOKMARK [2][-]{subsection.3.1}{An\341lisis sin medio viscoso}{section.3}% 16
\BOOKMARK [3][-]{subsubsection.3.1.1}{Caso completamente el\341stico}{subsection.3.1}% 17
\BOOKMARK [3][-]{subsubsection.3.1.2}{Caso general}{subsection.3.1}% 18
\BOOKMARK [2][-]{subsection.3.2}{An\341lisis con medio viscoso}{section.3}% 19
\BOOKMARK [1][-]{section.4}{Referencias}{}% 20
